<?xml version="1.0" encoding="UTF-8"?>
<!-- Generated by org.testng.reporters.JUnitXMLReporter -->
<testsuite ignored="0" hostname="tushar-VPCEH3AEN" failures="1" tests="8" name="Free CRM App Test Cases" time="91.005" errors="0" timestamp="2020-05-13T23:54:36 IST">
  <testcase classname="com.crm.qa.testcases.ContactsPageTest" name="@BeforeMethod SetUp" time="2.616">
    <failure type="org.openqa.selenium.NoSuchElementException" message="Cannot locate an element using xpath=//a/span[text()=&amp;apos;Log In&amp;apos;]
For documentation on this error, please visit: https://www.seleniumhq.org/exceptions/no_such_element.html
Build info: version: &amp;apos;3.141.59&amp;apos;, revision: &amp;apos;e82be7d358&amp;apos;, time: &amp;apos;2018-11-14T08:17:03&amp;apos;
System info: host: &amp;apos;tushar-VPCEH3AEN&amp;apos;, ip: &amp;apos;127.0.1.1&amp;apos;, os.name: &amp;apos;Linux&amp;apos;, os.arch: &amp;apos;amd64&amp;apos;, os.version: &amp;apos;4.15.0-99-generic&amp;apos;, java.version: &amp;apos;11.0.7&amp;apos;
Driver info: driver.version: RemoteWebDriver">
      <![CDATA[org.openqa.selenium.NoSuchElementException: Cannot locate an element using xpath=//a/span[text()='Log In']
For documentation on this error, please visit: https://www.seleniumhq.org/exceptions/no_such_element.html
Build info: version: '3.141.59', revision: 'e82be7d358', time: '2018-11-14T08:17:03'
System info: host: 'tushar-VPCEH3AEN', ip: '127.0.1.1', os.name: 'Linux', os.arch: 'amd64', os.version: '4.15.0-99-generic', java.version: '11.0.7'
Driver info: driver.version: RemoteWebDriver
at org.openqa.selenium.remote.RemoteWebDriver.findElement(RemoteWebDriver.java:327)
at org.openqa.selenium.remote.RemoteWebDriver.findElementByXPath(RemoteWebDriver.java:428)
at org.openqa.selenium.By$ByXPath.findElement(By.java:353)
at org.openqa.selenium.remote.RemoteWebDriver.findElement(RemoteWebDriver.java:315)
at org.openqa.selenium.support.pagefactory.DefaultElementLocator.findElement(DefaultElementLocator.java:69)
at org.openqa.selenium.support.pagefactory.internal.LocatingElementHandler.invoke(LocatingElementHandler.java:38)
at com.sun.proxy.$Proxy12.click(Unknown Source)
at com.crm.qa.pages.LoginPage.clickOnLogin(LoginPage.java:35)
at com.crm.qa.testcases.ContactsPageTest.SetUp(ContactsPageTest.java:34)
at java.base/java.util.ArrayList.forEach(ArrayList.java:1540)
... Removed 31 stack frames]]>
    </failure>
  </testcase> <!-- @BeforeMethod SetUp -->
  <testcase classname="com.crm.qa.testcases.ContactsPageTest" name="@AfterMethod close" time="-1.58939427684E9">
    <skipped/>
  </testcase> <!-- @AfterMethod close -->
  <testcase classname="com.crm.qa.testcases.LoginPageTest" name="loginPageTitleTest" time="0.021"/>
  <testcase classname="com.crm.qa.testcases.LoginPageTest" name="signInTest" time="5.575"/>
  <testcase classname="com.crm.qa.testcases.HomePageTest" name="verifyHomePageTitleTest" time="0.014"/>
  <testcase classname="com.crm.qa.testcases.HomePageTest" name="verifyCorrectUsernameTest" time="1.52"/>
  <testcase classname="com.crm.qa.testcases.HomePageTest" name="verifyContactsLinkTest" time="2.56"/>
  <testcase classname="com.crm.qa.testcases.ContactsPageTest" name="verifyContactsLabelTest" time="0.149"/>
  <testcase classname="com.crm.qa.testcases.ContactsPageTest" name="selectContactsTest" time="0.872">
    <failure type="java.lang.AssertionError" message="expected [true] but found [false]">
      <![CDATA[java.lang.AssertionError: expected [true] but found [false]
at com.crm.qa.testcases.ContactsPageTest.selectContactsTest(ContactsPageTest.java:61)
at java.base/java.util.ArrayList.forEach(ArrayList.java:1540)
... Removed 31 stack frames]]>
    </failure>
  </testcase> <!-- selectContactsTest -->
  <testcase classname="com.crm.qa.testcases.ContactsPageTest" name="verifyCreateNewContact" time="0.0">
    <skipped/>
  </testcase> <!-- verifyCreateNewContact -->
</testsuite> <!-- Free CRM App Test Cases -->
