<?xml version="1.0" encoding="UTF-8"?>
<!-- Generated by org.testng.reporters.JUnitXMLReporter -->
<testsuite ignored="0" hostname="tushar-VPCEH3AEN" failures="0" tests="8" name="Free CRM App Test Cases" time="138.845" errors="0" timestamp="2020-06-13T14:16:45 IST">
  <testcase classname="com.crm.qa.testcases.LoginPageTest" name="loginPageTitleTest" time="0.542"/>
  <testcase classname="com.crm.qa.testcases.LoginPageTest" name="signInTest" time="7.756"/>
  <testcase classname="com.crm.qa.testcases.HomePageTest" name="verifyHomePageTitleTest" time="0.011"/>
  <testcase classname="com.crm.qa.testcases.HomePageTest" name="verifyCorrectUsernameTest" time="1.824"/>
  <testcase classname="com.crm.qa.testcases.HomePageTest" name="verifyContactsLinkTest" time="2.388"/>
  <testcase classname="com.crm.qa.testcases.ContactsPageTest" name="verifyContactsLabelTest" time="0.17"/>
  <testcase classname="com.crm.qa.testcases.ContactsPageTest" name="selectContactsTest" time="9.479"/>
  <testcase classname="com.crm.qa.testcases.ContactsPageTest" name="verifyCreateNewContact" time="26.35"/>
</testsuite> <!-- Free CRM App Test Cases -->
