<?xml version="1.0" encoding="UTF-8"?>
<testng-results ignored="0" total="8" passed="8" failed="0" skipped="0">
  <reporter-output>
  </reporter-output>
  <suite started-at="2020-06-13T14:14:26 IST" name="Free CRM Application Test Automation Suite" finished-at="2020-06-13T14:16:45 IST" duration-ms="138845">
    <groups>
    </groups>
    <test started-at="2020-06-13T14:14:26 IST" name="Free CRM App Test Cases" finished-at="2020-06-13T14:16:45 IST" duration-ms="138845">
      <class name="com.crm.qa.testcases.HomePageTest">
        <test-method is-config="true" signature="SetUp()[pri:0, instance:com.crm.qa.testcases.HomePageTest@49e5f737]" started-at="2020-06-13T14:14:48 IST" name="SetUp" finished-at="2020-06-13T14:14:57 IST" duration-ms="9182" status="PASS">
          <reporter-output>
          </reporter-output>
        </test-method> <!-- SetUp -->
        <test-method signature="verifyHomePageTitleTest()[pri:1, instance:com.crm.qa.testcases.HomePageTest@49e5f737]" started-at="2020-06-13T14:14:57 IST" name="verifyHomePageTitleTest" finished-at="2020-06-13T14:14:57 IST" duration-ms="11" status="PASS">
          <reporter-output>
          </reporter-output>
        </test-method> <!-- verifyHomePageTitleTest -->
        <test-method is-config="true" signature="close()[pri:0, instance:com.crm.qa.testcases.HomePageTest@49e5f737]" started-at="2020-06-13T14:14:57 IST" name="close" finished-at="2020-06-13T14:15:00 IST" duration-ms="3150" status="PASS">
          <reporter-output>
          </reporter-output>
        </test-method> <!-- close -->
        <test-method is-config="true" signature="SetUp()[pri:0, instance:com.crm.qa.testcases.HomePageTest@49e5f737]" started-at="2020-06-13T14:15:00 IST" name="SetUp" finished-at="2020-06-13T14:15:09 IST" duration-ms="8423" status="PASS">
          <reporter-output>
          </reporter-output>
        </test-method> <!-- SetUp -->
        <test-method signature="verifyCorrectUsernameTest()[pri:2, instance:com.crm.qa.testcases.HomePageTest@49e5f737]" started-at="2020-06-13T14:15:09 IST" name="verifyCorrectUsernameTest" finished-at="2020-06-13T14:15:10 IST" duration-ms="1824" status="PASS">
          <reporter-output>
          </reporter-output>
        </test-method> <!-- verifyCorrectUsernameTest -->
        <test-method is-config="true" signature="close()[pri:0, instance:com.crm.qa.testcases.HomePageTest@49e5f737]" started-at="2020-06-13T14:15:10 IST" name="close" finished-at="2020-06-13T14:15:13 IST" duration-ms="3122" status="PASS">
          <reporter-output>
          </reporter-output>
        </test-method> <!-- close -->
        <test-method is-config="true" signature="SetUp()[pri:0, instance:com.crm.qa.testcases.HomePageTest@49e5f737]" started-at="2020-06-13T14:15:13 IST" name="SetUp" finished-at="2020-06-13T14:15:23 IST" duration-ms="9870" status="PASS">
          <reporter-output>
          </reporter-output>
        </test-method> <!-- SetUp -->
        <test-method signature="verifyContactsLinkTest()[pri:3, instance:com.crm.qa.testcases.HomePageTest@49e5f737]" started-at="2020-06-13T14:15:23 IST" name="verifyContactsLinkTest" finished-at="2020-06-13T14:15:26 IST" duration-ms="2388" status="PASS">
          <reporter-output>
          </reporter-output>
        </test-method> <!-- verifyContactsLinkTest -->
        <test-method is-config="true" signature="close()[pri:0, instance:com.crm.qa.testcases.HomePageTest@49e5f737]" started-at="2020-06-13T14:15:26 IST" name="close" finished-at="2020-06-13T14:15:29 IST" duration-ms="3109" status="PASS">
          <reporter-output>
          </reporter-output>
        </test-method> <!-- close -->
      </class> <!-- com.crm.qa.testcases.HomePageTest -->
      <class name="com.crm.qa.testcases.ContactsPageTest">
        <test-method is-config="true" signature="SetUp()[pri:0, instance:com.crm.qa.testcases.ContactsPageTest@5c671d7f]" started-at="2020-06-13T14:15:29 IST" name="SetUp" finished-at="2020-06-13T14:15:41 IST" duration-ms="12073" status="PASS">
          <reporter-output>
          </reporter-output>
        </test-method> <!-- SetUp -->
        <test-method signature="verifyContactsLabelTest()[pri:1, instance:com.crm.qa.testcases.ContactsPageTest@5c671d7f]" started-at="2020-06-13T14:15:41 IST" name="verifyContactsLabelTest" finished-at="2020-06-13T14:15:41 IST" duration-ms="170" status="PASS">
          <reporter-output>
          </reporter-output>
        </test-method> <!-- verifyContactsLabelTest -->
        <test-method is-config="true" signature="close()[pri:0, instance:com.crm.qa.testcases.ContactsPageTest@5c671d7f]" started-at="2020-06-13T14:15:41 IST" name="close" finished-at="2020-06-13T14:15:43 IST" duration-ms="2092" status="PASS">
          <reporter-output>
          </reporter-output>
        </test-method> <!-- close -->
        <test-method is-config="true" signature="SetUp()[pri:0, instance:com.crm.qa.testcases.ContactsPageTest@5c671d7f]" started-at="2020-06-13T14:15:43 IST" name="SetUp" finished-at="2020-06-13T14:15:54 IST" duration-ms="10624" status="PASS">
          <reporter-output>
          </reporter-output>
        </test-method> <!-- SetUp -->
        <test-method signature="selectContactsTest()[pri:2, instance:com.crm.qa.testcases.ContactsPageTest@5c671d7f]" started-at="2020-06-13T14:15:54 IST" name="selectContactsTest" finished-at="2020-06-13T14:16:03 IST" duration-ms="9479" status="PASS">
          <reporter-output>
          </reporter-output>
        </test-method> <!-- selectContactsTest -->
        <test-method is-config="true" signature="close()[pri:0, instance:com.crm.qa.testcases.ContactsPageTest@5c671d7f]" started-at="2020-06-13T14:16:03 IST" name="close" finished-at="2020-06-13T14:16:05 IST" duration-ms="2107" status="PASS">
          <reporter-output>
          </reporter-output>
        </test-method> <!-- close -->
        <test-method is-config="true" signature="SetUp()[pri:0, instance:com.crm.qa.testcases.ContactsPageTest@5c671d7f]" started-at="2020-06-13T14:16:05 IST" name="SetUp" finished-at="2020-06-13T14:16:16 IST" duration-ms="10926" status="PASS">
          <reporter-output>
          </reporter-output>
        </test-method> <!-- SetUp -->
        <test-method signature="verifyCreateNewContact()[pri:3, instance:com.crm.qa.testcases.ContactsPageTest@5c671d7f]" started-at="2020-06-13T14:16:16 IST" name="verifyCreateNewContact" finished-at="2020-06-13T14:16:43 IST" duration-ms="26350" status="PASS">
          <reporter-output>
          </reporter-output>
        </test-method> <!-- verifyCreateNewContact -->
        <test-method is-config="true" signature="close()[pri:0, instance:com.crm.qa.testcases.ContactsPageTest@5c671d7f]" started-at="2020-06-13T14:16:43 IST" name="close" finished-at="2020-06-13T14:16:45 IST" duration-ms="2098" status="PASS">
          <reporter-output>
          </reporter-output>
        </test-method> <!-- close -->
      </class> <!-- com.crm.qa.testcases.ContactsPageTest -->
      <class name="com.crm.qa.testcases.LoginPageTest">
        <test-method is-config="true" signature="SetUp()[pri:0, instance:com.crm.qa.testcases.LoginPageTest@445b295b]" started-at="2020-06-13T14:14:26 IST" name="SetUp" finished-at="2020-06-13T14:14:31 IST" duration-ms="5203" status="PASS">
          <reporter-output>
          </reporter-output>
        </test-method> <!-- SetUp -->
        <test-method signature="loginPageTitleTest()[pri:1, instance:com.crm.qa.testcases.LoginPageTest@445b295b]" started-at="2020-06-13T14:14:31 IST" name="loginPageTitleTest" finished-at="2020-06-13T14:14:32 IST" duration-ms="542" status="PASS">
          <reporter-output>
          </reporter-output>
        </test-method> <!-- loginPageTitleTest -->
        <test-method is-config="true" signature="close()[pri:0, instance:com.crm.qa.testcases.LoginPageTest@445b295b]" started-at="2020-06-13T14:14:32 IST" name="close" finished-at="2020-06-13T14:14:34 IST" duration-ms="2108" status="PASS">
          <reporter-output>
          </reporter-output>
        </test-method> <!-- close -->
        <test-method is-config="true" signature="SetUp()[pri:0, instance:com.crm.qa.testcases.LoginPageTest@445b295b]" started-at="2020-06-13T14:14:34 IST" name="SetUp" finished-at="2020-06-13T14:14:38 IST" duration-ms="4018" status="PASS">
          <reporter-output>
          </reporter-output>
        </test-method> <!-- SetUp -->
        <test-method signature="signInTest()[pri:2, instance:com.crm.qa.testcases.LoginPageTest@445b295b]" started-at="2020-06-13T14:14:38 IST" name="signInTest" finished-at="2020-06-13T14:14:46 IST" duration-ms="7756" status="PASS">
          <reporter-output>
          </reporter-output>
        </test-method> <!-- signInTest -->
        <test-method is-config="true" signature="close()[pri:0, instance:com.crm.qa.testcases.LoginPageTest@445b295b]" started-at="2020-06-13T14:14:46 IST" name="close" finished-at="2020-06-13T14:14:48 IST" duration-ms="2125" status="PASS">
          <reporter-output>
          </reporter-output>
        </test-method> <!-- close -->
      </class> <!-- com.crm.qa.testcases.LoginPageTest -->
    </test> <!-- Free CRM App Test Cases -->
  </suite> <!-- Free CRM Application Test Automation Suite -->
</testng-results>
