<?xml version="1.0" encoding="UTF-8"?>
<testng-results ignored="0" total="8" passed="7" failed="1" skipped="0">
  <reporter-output>
  </reporter-output>
  <suite started-at="2020-05-09T23:59:32 IST" name="Free CRM Application Test Automation Suite" finished-at="2020-05-10T00:01:37 IST" duration-ms="124990">
    <groups>
    </groups>
    <test started-at="2020-05-09T23:59:32 IST" name="Free CRM App Test Cases" finished-at="2020-05-10T00:01:37 IST" duration-ms="124990">
      <class name="com.crm.qa.testcases.HomePageTest">
        <test-method is-config="true" signature="SetUp()[pri:0, instance:com.crm.qa.testcases.HomePageTest@43ee72e6]" started-at="2020-05-09T23:59:52 IST" name="SetUp" finished-at="2020-05-10T00:00:00 IST" duration-ms="8963" status="PASS">
          <reporter-output>
          </reporter-output>
        </test-method> <!-- SetUp -->
        <test-method signature="verifyHomePageTitleTest()[pri:1, instance:com.crm.qa.testcases.HomePageTest@43ee72e6]" started-at="2020-05-10T00:00:00 IST" name="verifyHomePageTitleTest" finished-at="2020-05-10T00:00:00 IST" duration-ms="12" status="PASS">
          <reporter-output>
          </reporter-output>
        </test-method> <!-- verifyHomePageTitleTest -->
        <test-method is-config="true" signature="close()[pri:0, instance:com.crm.qa.testcases.HomePageTest@43ee72e6]" started-at="2020-05-10T00:00:00 IST" name="close" finished-at="2020-05-10T00:00:04 IST" duration-ms="3161" status="PASS">
          <reporter-output>
          </reporter-output>
        </test-method> <!-- close -->
        <test-method is-config="true" signature="SetUp()[pri:0, instance:com.crm.qa.testcases.HomePageTest@43ee72e6]" started-at="2020-05-10T00:00:04 IST" name="SetUp" finished-at="2020-05-10T00:00:12 IST" duration-ms="8761" status="PASS">
          <reporter-output>
          </reporter-output>
        </test-method> <!-- SetUp -->
        <test-method signature="verifyCorrectUsernameTest()[pri:2, instance:com.crm.qa.testcases.HomePageTest@43ee72e6]" started-at="2020-05-10T00:00:12 IST" name="verifyCorrectUsernameTest" finished-at="2020-05-10T00:00:14 IST" duration-ms="1871" status="PASS">
          <reporter-output>
          </reporter-output>
        </test-method> <!-- verifyCorrectUsernameTest -->
        <test-method is-config="true" signature="close()[pri:0, instance:com.crm.qa.testcases.HomePageTest@43ee72e6]" started-at="2020-05-10T00:00:14 IST" name="close" finished-at="2020-05-10T00:00:17 IST" duration-ms="3115" status="PASS">
          <reporter-output>
          </reporter-output>
        </test-method> <!-- close -->
        <test-method is-config="true" signature="SetUp()[pri:0, instance:com.crm.qa.testcases.HomePageTest@43ee72e6]" started-at="2020-05-10T00:00:17 IST" name="SetUp" finished-at="2020-05-10T00:00:26 IST" duration-ms="8948" status="PASS">
          <reporter-output>
          </reporter-output>
        </test-method> <!-- SetUp -->
        <test-method signature="verifyContactsLinkTest()[pri:3, instance:com.crm.qa.testcases.HomePageTest@43ee72e6]" started-at="2020-05-10T00:00:26 IST" name="verifyContactsLinkTest" finished-at="2020-05-10T00:00:28 IST" duration-ms="2016" status="PASS">
          <reporter-output>
          </reporter-output>
        </test-method> <!-- verifyContactsLinkTest -->
        <test-method is-config="true" signature="close()[pri:0, instance:com.crm.qa.testcases.HomePageTest@43ee72e6]" started-at="2020-05-10T00:00:28 IST" name="close" finished-at="2020-05-10T00:00:31 IST" duration-ms="3092" status="PASS">
          <reporter-output>
          </reporter-output>
        </test-method> <!-- close -->
      </class> <!-- com.crm.qa.testcases.HomePageTest -->
      <class name="com.crm.qa.testcases.ContactsPageTest">
        <test-method is-config="true" signature="SetUp()[pri:0, instance:com.crm.qa.testcases.ContactsPageTest@23529fee]" started-at="2020-05-10T00:00:31 IST" name="SetUp" finished-at="2020-05-10T00:00:44 IST" duration-ms="12375" status="PASS">
          <reporter-output>
          </reporter-output>
        </test-method> <!-- SetUp -->
        <test-method signature="verifyContactsLabelTest()[pri:1, instance:com.crm.qa.testcases.ContactsPageTest@23529fee]" started-at="2020-05-10T00:00:44 IST" name="verifyContactsLabelTest" finished-at="2020-05-10T00:00:44 IST" duration-ms="143" status="PASS">
          <reporter-output>
          </reporter-output>
        </test-method> <!-- verifyContactsLabelTest -->
        <test-method is-config="true" signature="close()[pri:0, instance:com.crm.qa.testcases.ContactsPageTest@23529fee]" started-at="2020-05-10T00:00:44 IST" name="close" finished-at="2020-05-10T00:00:46 IST" duration-ms="2101" status="PASS">
          <reporter-output>
          </reporter-output>
        </test-method> <!-- close -->
        <test-method is-config="true" signature="SetUp()[pri:0, instance:com.crm.qa.testcases.ContactsPageTest@23529fee]" started-at="2020-05-10T00:00:46 IST" name="SetUp" finished-at="2020-05-10T00:00:58 IST" duration-ms="11841" status="PASS">
          <reporter-output>
          </reporter-output>
        </test-method> <!-- SetUp -->
        <test-method signature="selectContactsTest()[pri:2, instance:com.crm.qa.testcases.ContactsPageTest@23529fee]" started-at="2020-05-10T00:00:58 IST" name="selectContactsTest" finished-at="2020-05-10T00:01:07 IST" duration-ms="9432" status="FAIL">
          <exception class="org.openqa.selenium.ElementClickInterceptedException">
            <message>
              <![CDATA[element click intercepted: Element <div class="ui fitted read-only checkbox">...</div> is not clickable at point (237, 559). Other element would receive the click: <th class=""></th>
  (Session info: chrome=81.0.4044.129)
Build info: version: '3.141.59', revision: 'e82be7d358', time: '2018-11-14T08:17:03'
System info: host: 'tushar-VPCEH3AEN', ip: '127.0.1.1', os.name: 'Linux', os.arch: 'amd64', os.version: '4.15.0-99-generic', java.version: '11.0.7'
Driver info: org.openqa.selenium.chrome.ChromeDriver
Capabilities {acceptInsecureCerts: false, browserName: chrome, browserVersion: 81.0.4044.129, chrome: {chromedriverVersion: 81.0.4044.138 (8c6c7ba89cc9..., userDataDir: /tmp/.com.google.Chrome.24h45b}, goog:chromeOptions: {debuggerAddress: localhost:43035}, javascriptEnabled: true, networkConnectionEnabled: false, pageLoadStrategy: normal, platform: LINUX, platformName: LINUX, proxy: Proxy(), setWindowRect: true, strictFileInteractability: false, timeouts: {implicit: 0, pageLoad: 300000, script: 30000}, unhandledPromptBehavior: dismiss and notify, webauthn:virtualAuthenticators: true}
Session ID: 6144cf0e96b9e6546e25ecdd65369b52]]>
            </message>
            <full-stacktrace>
              <![CDATA[org.openqa.selenium.ElementClickInterceptedException: element click intercepted: Element <div class="ui fitted read-only checkbox">...</div> is not clickable at point (237, 559). Other element would receive the click: <th class=""></th>
  (Session info: chrome=81.0.4044.129)
Build info: version: '3.141.59', revision: 'e82be7d358', time: '2018-11-14T08:17:03'
System info: host: 'tushar-VPCEH3AEN', ip: '127.0.1.1', os.name: 'Linux', os.arch: 'amd64', os.version: '4.15.0-99-generic', java.version: '11.0.7'
Driver info: org.openqa.selenium.chrome.ChromeDriver
Capabilities {acceptInsecureCerts: false, browserName: chrome, browserVersion: 81.0.4044.129, chrome: {chromedriverVersion: 81.0.4044.138 (8c6c7ba89cc9..., userDataDir: /tmp/.com.google.Chrome.24h45b}, goog:chromeOptions: {debuggerAddress: localhost:43035}, javascriptEnabled: true, networkConnectionEnabled: false, pageLoadStrategy: normal, platform: LINUX, platformName: LINUX, proxy: Proxy(), setWindowRect: true, strictFileInteractability: false, timeouts: {implicit: 0, pageLoad: 300000, script: 30000}, unhandledPromptBehavior: dismiss and notify, webauthn:virtualAuthenticators: true}
Session ID: 6144cf0e96b9e6546e25ecdd65369b52
at java.base/jdk.internal.reflect.NativeConstructorAccessorImpl.newInstance0(Native Method)
at java.base/jdk.internal.reflect.NativeConstructorAccessorImpl.newInstance(NativeConstructorAccessorImpl.java:62)
at java.base/jdk.internal.reflect.DelegatingConstructorAccessorImpl.newInstance(DelegatingConstructorAccessorImpl.java:45)
at java.base/java.lang.reflect.Constructor.newInstance(Constructor.java:490)
at org.openqa.selenium.remote.http.W3CHttpResponseCodec.createException(W3CHttpResponseCodec.java:187)
at org.openqa.selenium.remote.http.W3CHttpResponseCodec.decode(W3CHttpResponseCodec.java:122)
at org.openqa.selenium.remote.http.W3CHttpResponseCodec.decode(W3CHttpResponseCodec.java:49)
at org.openqa.selenium.remote.HttpCommandExecutor.execute(HttpCommandExecutor.java:158)
at org.openqa.selenium.remote.service.DriverCommandExecutor.execute(DriverCommandExecutor.java:83)
at org.openqa.selenium.remote.RemoteWebDriver.execute(RemoteWebDriver.java:552)
at org.openqa.selenium.remote.RemoteWebElement.execute(RemoteWebElement.java:285)
at org.openqa.selenium.remote.RemoteWebElement.click(RemoteWebElement.java:84)
at com.crm.qa.pages.ContactsPage.selectContactsByName(ContactsPage.java:52)
at com.crm.qa.testcases.ContactsPageTest.selectContactsTest(ContactsPageTest.java:59)
at java.base/jdk.internal.reflect.NativeMethodAccessorImpl.invoke0(Native Method)
at java.base/jdk.internal.reflect.NativeMethodAccessorImpl.invoke(NativeMethodAccessorImpl.java:62)
at java.base/jdk.internal.reflect.DelegatingMethodAccessorImpl.invoke(DelegatingMethodAccessorImpl.java:43)
at java.base/java.lang.reflect.Method.invoke(Method.java:566)
at org.testng.internal.MethodInvocationHelper.invokeMethod(MethodInvocationHelper.java:134)
at org.testng.internal.TestInvoker.invokeMethod(TestInvoker.java:597)
at org.testng.internal.TestInvoker.invokeTestMethod(TestInvoker.java:173)
at org.testng.internal.MethodRunner.runInSequence(MethodRunner.java:46)
at org.testng.internal.TestInvoker$MethodInvocationAgent.invoke(TestInvoker.java:816)
at org.testng.internal.TestInvoker.invokeTestMethods(TestInvoker.java:146)
at org.testng.internal.TestMethodWorker.invokeTestMethods(TestMethodWorker.java:146)
at org.testng.internal.TestMethodWorker.run(TestMethodWorker.java:128)
at java.base/java.util.ArrayList.forEach(ArrayList.java:1540)
at org.testng.TestRunner.privateRun(TestRunner.java:766)
at org.testng.TestRunner.run(TestRunner.java:587)
at org.testng.SuiteRunner.runTest(SuiteRunner.java:384)
at org.testng.SuiteRunner.runSequentially(SuiteRunner.java:378)
at org.testng.SuiteRunner.privateRun(SuiteRunner.java:337)
at org.testng.SuiteRunner.run(SuiteRunner.java:286)
at org.testng.SuiteRunnerWorker.runSuite(SuiteRunnerWorker.java:53)
at org.testng.SuiteRunnerWorker.run(SuiteRunnerWorker.java:96)
at org.testng.TestNG.runSuitesSequentially(TestNG.java:1187)
at org.testng.TestNG.runSuitesLocally(TestNG.java:1109)
at org.testng.TestNG.runSuites(TestNG.java:1039)
at org.testng.TestNG.run(TestNG.java:1007)
at org.testng.remote.AbstractRemoteTestNG.run(AbstractRemoteTestNG.java:115)
at org.testng.remote.RemoteTestNG.initAndRun(RemoteTestNG.java:251)
at org.testng.remote.RemoteTestNG.main(RemoteTestNG.java:77)
]]>
            </full-stacktrace>
          </exception> <!-- org.openqa.selenium.ElementClickInterceptedException -->
          <reporter-output>
          </reporter-output>
        </test-method> <!-- selectContactsTest -->
        <test-method is-config="true" signature="close()[pri:0, instance:com.crm.qa.testcases.ContactsPageTest@23529fee]" started-at="2020-05-10T00:01:07 IST" name="close" finished-at="2020-05-10T00:01:09 IST" duration-ms="2112" status="PASS">
          <reporter-output>
          </reporter-output>
        </test-method> <!-- close -->
        <test-method is-config="true" signature="SetUp()[pri:0, instance:com.crm.qa.testcases.ContactsPageTest@23529fee]" started-at="2020-05-10T00:01:09 IST" name="SetUp" finished-at="2020-05-10T00:01:22 IST" duration-ms="12479" status="PASS">
          <reporter-output>
          </reporter-output>
        </test-method> <!-- SetUp -->
        <test-method signature="verifyCreateNewContact()[pri:3, instance:com.crm.qa.testcases.ContactsPageTest@23529fee]" started-at="2020-05-10T00:01:22 IST" name="verifyCreateNewContact" finished-at="2020-05-10T00:01:35 IST" duration-ms="13304" status="PASS">
          <reporter-output>
          </reporter-output>
        </test-method> <!-- verifyCreateNewContact -->
        <test-method is-config="true" signature="close()[pri:0, instance:com.crm.qa.testcases.ContactsPageTest@23529fee]" started-at="2020-05-10T00:01:35 IST" name="close" finished-at="2020-05-10T00:01:37 IST" duration-ms="2091" status="PASS">
          <reporter-output>
          </reporter-output>
        </test-method> <!-- close -->
      </class> <!-- com.crm.qa.testcases.ContactsPageTest -->
      <class name="com.crm.qa.testcases.LoginPageTest">
        <test-method is-config="true" signature="SetUp()[pri:0, instance:com.crm.qa.testcases.LoginPageTest@7f1302d6]" started-at="2020-05-09T23:59:32 IST" name="SetUp" finished-at="2020-05-09T23:59:38 IST" duration-ms="5076" status="PASS">
          <reporter-output>
          </reporter-output>
        </test-method> <!-- SetUp -->
        <test-method signature="loginPageTitleTest()[pri:1, instance:com.crm.qa.testcases.LoginPageTest@7f1302d6]" started-at="2020-05-09T23:59:38 IST" name="loginPageTitleTest" finished-at="2020-05-09T23:59:38 IST" duration-ms="429" status="PASS">
          <reporter-output>
          </reporter-output>
        </test-method> <!-- loginPageTitleTest -->
        <test-method is-config="true" signature="close()[pri:0, instance:com.crm.qa.testcases.LoginPageTest@7f1302d6]" started-at="2020-05-09T23:59:38 IST" name="close" finished-at="2020-05-09T23:59:40 IST" duration-ms="2115" status="PASS">
          <reporter-output>
          </reporter-output>
        </test-method> <!-- close -->
        <test-method is-config="true" signature="SetUp()[pri:0, instance:com.crm.qa.testcases.LoginPageTest@7f1302d6]" started-at="2020-05-09T23:59:40 IST" name="SetUp" finished-at="2020-05-09T23:59:45 IST" duration-ms="4437" status="PASS">
          <reporter-output>
          </reporter-output>
        </test-method> <!-- SetUp -->
        <test-method signature="signInTest()[pri:2, instance:com.crm.qa.testcases.LoginPageTest@7f1302d6]" started-at="2020-05-09T23:59:45 IST" name="signInTest" finished-at="2020-05-09T23:59:49 IST" duration-ms="4876" status="PASS">
          <reporter-output>
          </reporter-output>
        </test-method> <!-- signInTest -->
        <test-method is-config="true" signature="close()[pri:0, instance:com.crm.qa.testcases.LoginPageTest@7f1302d6]" started-at="2020-05-09T23:59:49 IST" name="close" finished-at="2020-05-09T23:59:52 IST" duration-ms="2129" status="PASS">
          <reporter-output>
          </reporter-output>
        </test-method> <!-- close -->
      </class> <!-- com.crm.qa.testcases.LoginPageTest -->
    </test> <!-- Free CRM App Test Cases -->
  </suite> <!-- Free CRM Application Test Automation Suite -->
</testng-results>
